d:\sxx\study\asd\payrollsystem\payrollsystem\debug\vc120.pdb
d:\sxx\study\asd\payrollsystem\payrollsystem\debug\vc120.idb
d:\sxx\study\asd\payrollsystem\payrollsystem\debug\addemployeetransaction.obj
d:\sxx\study\asd\payrollsystem\payrollsystem\debug\addsalariedemployee.obj
d:\sxx\study\asd\payrollsystem\payrollsystem\debug\employee.obj
d:\sxx\study\asd\payrollsystem\payrollsystem\debug\holdmethod.obj
d:\sxx\study\asd\payrollsystem\payrollsystem\debug\monthlyschedule.obj
d:\sxx\study\asd\payrollsystem\payrollsystem\debug\paymentclassification.obj
d:\sxx\study\asd\payrollsystem\payrollsystem\debug\paymentschedule.obj
d:\sxx\study\asd\payrollsystem\payrollsystem\debug\paymentmethod.obj
d:\sxx\study\asd\payrollsystem\payrollsystem\debug\payrolldatabase.obj
d:\sxx\study\asd\payrollsystem\payrollsystem\debug\salariedclassification.obj
d:\sxx\study\asd\payrollsystem\payrollsystem\debug\source.obj
d:\sxx\study\asd\payrollsystem\debug\payrollsystem.ilk
d:\sxx\study\asd\payrollsystem\debug\payrollsystem.exe
d:\sxx\study\asd\payrollsystem\debug\payrollsystem.pdb
d:\sxx\study\asd\payrollsystem\payrollsystem\debug\payrollsystem.res
d:\sxx\study\asd\payrollsystem\payrollsystem\debug\payrollsystem.tlog\cl.command.1.tlog
d:\sxx\study\asd\payrollsystem\payrollsystem\debug\payrollsystem.tlog\cl.read.1.tlog
d:\sxx\study\asd\payrollsystem\payrollsystem\debug\payrollsystem.tlog\cl.write.1.tlog
d:\sxx\study\asd\payrollsystem\payrollsystem\debug\payrollsystem.tlog\link.command.1.tlog
d:\sxx\study\asd\payrollsystem\payrollsystem\debug\payrollsystem.tlog\link.read.1.tlog
d:\sxx\study\asd\payrollsystem\payrollsystem\debug\payrollsystem.tlog\link.write.1.tlog
d:\sxx\study\asd\payrollsystem\payrollsystem\debug\payrollsystem.tlog\rc.command.1.tlog
d:\sxx\study\asd\payrollsystem\payrollsystem\debug\payrollsystem.tlog\rc.read.1.tlog
d:\sxx\study\asd\payrollsystem\payrollsystem\debug\payrollsystem.tlog\rc.write.1.tlog
