Build started 5/31/2016 8:27:00 PM.
     1>Project "D:\SXX\Study\ASD\PayrollSystem\PayrollSystem\PayrollSystem.vcxproj" on node 2 (Rebuild target(s)).
     1>ClCompile:
         D:\Work_Software\Microsoft Visual Studio 12.0\VC\bin\CL.exe /c /ZI /nologo /W3 /WX- /sdl /Od /Oy- /D _MBCS /Gm /EHsc /RTC1 /MDd /GS /fp:precise /Zc:wchar_t /Zc:forScope /Fo"Debug\\" /Fd"Debug\vc120.pdb" /Gd /TP /analyze- /errorReport:prompt AddEmployeeTransaction.cpp AddSalariedEmployee.cpp Employee.cpp HoldMethod.cpp MonthlySchedule.cpp PaymentClassification.cpp PaymentSchedule.cpp PaymentMethod.cpp PayrollDatabase.cpp SalariedClassification.cpp Source.cpp
         Source.cpp
         SalariedClassification.cpp
         PayrollDatabase.cpp
         PaymentMethod.cpp
         PaymentSchedule.cpp
         PaymentClassification.cpp
         MonthlySchedule.cpp
         HoldMethod.cpp
         Employee.cpp
         AddSalariedEmployee.cpp
         AddEmployeeTransaction.cpp
         Generating Code...
       ResourceCompile:
         C:\Program Files (x86)\Windows Kits\8.1\bin\x86\rc.exe /l"0x0409" /nologo /fo"Debug\PayrollSystem.res" PayrollSystem.rc 
       Link:
         D:\Work_Software\Microsoft Visual Studio 12.0\VC\bin\link.exe /ERRORREPORT:PROMPT /OUT:"D:\SXX\Study\ASD\PayrollSystem\Debug\PayrollSystem.exe" /INCREMENTAL /NOLOGO kernel32.lib user32.lib gdi32.lib winspool.lib comdlg32.lib advapi32.lib shell32.lib ole32.lib oleaut32.lib uuid.lib odbc32.lib odbccp32.lib /MANIFEST /MANIFESTUAC:"level='asInvoker' uiAccess='false'" /manifest:embed /DEBUG /PDB:"D:\SXX\Study\ASD\PayrollSystem\Debug\PayrollSystem.pdb" /SUBSYSTEM:CONSOLE /TLBID:1 /DYNAMICBASE /NXCOMPAT /IMPLIB:"D:\SXX\Study\ASD\PayrollSystem\Debug\PayrollSystem.lib" /MACHINE:X86 Debug\PayrollSystem.res
         Debug\AddEmployeeTransaction.obj
         Debug\AddSalariedEmployee.obj
         Debug\Employee.obj
         Debug\HoldMethod.obj
         Debug\MonthlySchedule.obj
         Debug\PaymentClassification.obj
         Debug\PaymentSchedule.obj
         Debug\PaymentMethod.obj
         Debug\PayrollDatabase.obj
         Debug\SalariedClassification.obj
         Debug\Source.obj
         PayrollSystem.vcxproj -> D:\SXX\Study\ASD\PayrollSystem\Debug\PayrollSystem.exe
     1>Done Building Project "D:\SXX\Study\ASD\PayrollSystem\PayrollSystem\PayrollSystem.vcxproj" (Rebuild target(s)).

Build succeeded.

Time Elapsed 00:00:02.73
